[17:50:14] [main/INFO]: Loading Minecraft 1.21.1 with Fabric Loader 0.16.3
[17:50:15] [main/WARN]: Mod resolution failed
[17:50:15] [main/INFO]: Immediate reason: [HARD_DEP_NO_CANDIDATE almanac 1.0.2 {depends fabricloader @ [>=0.16.7]}, ROOT_FORCELOAD_SINGLE almanac 1.0.2]
[17:50:15] [main/INFO]: Reason: [HARD_DEP almanac 1.0.2 {depends fabricloader @ [>=0.16.7]}, HARD_DEP letmedespawn 1.4.4 {depends fabricloader @ [>=0.16.7]}]
[17:50:15] [main/INFO]: SERVER environment disabled: [fabric-renderer-api-v1, fabric-model-loading-api-v1, entity_model_features, fabric-keybindings-v0, entity_texture_features, iris, modmenu, dontdothat, sodium-extra, indium, immediatelyfast, fabric-client-tags-api-v1, fabric-screen-api-v1, fabric-renderer-indigo, fabric-blockrenderlayer-v1, fpsreducer, sodium, betterf3, fabric-renderer-registries-v1, particle_core, fabric-sound-api-v1, fabric-rendering-v0, fabric-rendering-v1, fabric-key-binding-api-v1]
[17:50:15] [main/INFO]: Fix: add [], remove [], replace [[fabricloader 0.16.3] -> add:fabricloader 0.16.7 ([[0.16.7,∞)])]
[17:50:15] [main/ERROR]: Incompatible mods found!
net.fabricmc.loader.impl.FormattedException: Some of your mods are incompatible with the game or each other!
A potential solution has been determined, this may resolve your problem:
	 - Replace mod 'Fabric Loader' (fabricloader) 0.16.3 with version 0.16.7 or later.
More details:
	 - Mod 'Almanac' (almanac) 1.0.2 requires version 0.16.7 or later of mod 'Fabric Loader' (fabricloader), but only the wrong version is present: 0.16.3!
	 - Mod 'Let Me Despawn' (letmedespawn) 1.4.4 requires version 0.16.7 or later of mod 'Fabric Loader' (fabricloader), but only the wrong version is present: 0.16.3!
	at net.fabricmc.loader.impl.FormattedException.ofLocalized(FormattedException.java:51) ~[fabric-loader-0.16.3.jar:?]
	at net.fabricmc.loader.impl.FabricLoaderImpl.load(FabricLoaderImpl.java:196) ~[fabric-loader-0.16.3.jar:?]
	at net.fabricmc.loader.impl.launch.knot.Knot.init(Knot.java:146) ~[fabric-loader-0.16.3.jar:?]
	at net.fabricmc.loader.impl.launch.knot.Knot.launch(Knot.java:68) [fabric-loader-0.16.3.jar:?]
	at net.fabricmc.loader.impl.launch.knot.KnotServer.main(KnotServer.java:23) [fabric-loader-0.16.3.jar:?]
	at net.fabricmc.loader.impl.launch.server.FabricServerLauncher.main(FabricServerLauncher.java:69) [fabric-loader-0.16.3.jar:?]
	at net.fabricmc.installer.ServerLauncher.main(ServerLauncher.java:69) [fabric-server-launch.jar:1.0.1]
